#
# A fatal error has been detected by the Java Runtime Environment:
#
#  EXCEPTION_ACCESS_VIOLATION (0xc0000005) at pc=0x00007ffd0c805520, pid=12936, tid=0x00000000000025a0
#
# JRE version: Java(TM) SE Runtime Environment (8.0_202-b08) (build 1.8.0_202-b08)
# Java VM: Java HotSpot(TM) 64-Bit Server VM (25.202-b08 mixed mode windows-amd64 compressed oops)
# Problematic frame:
# C  [KinectPV2.dll+0x5520]
#
# Failed to write core dump. Minidumps are not enabled by default on client versions of Windows
#
# If you would like to submit a bug report, please visit:
#   http://bugreport.java.com/bugreport/crash.jsp
# The crash happened outside the Java Virtual Machine in native code.
# See problematic frame for where to report the bug.
#

---------------  T H R E A D  ---------------

Current thread (0x0000000017935800):  JavaThread "main-FPSAWTAnimator#00-Timer0" [_thread_in_native, id=9632, stack(0x0000000021690000,0x0000000021790000)]

siginfo: ExceptionCode=0xc0000005, reading address 0xffffffffffffffff

Registers:
RAX=0x0000000000000001, RBX=0x0000000020ca2180, RCX=0x5c32336d65747379, RDX=0x0000000000ec0000
RSP=0x000000002178e7d0, RBP=0x0000000000000000, RSI=0x0000000000000006, RDI=0x0000000020ca23b0
R8 =0x000000002178e518, R9 =0x0000000000000001, R10=0x0000000000000000, R11=0x000000002178e730
R12=0x0000000000000000, R13=0x000000002689fca0, R14=0x000000002178e8c0, R15=0x0000000017935800
RIP=0x00007ffd0c805520, EFLAGS=0x0000000000010202

Top of Stack: (sp=0x000000002178e7d0)
0x000000002178e7d0:   0000000020ca2180 000000002689fca0
0x000000002178e7e0:   0000000000000000 0000000019adf9b0
0x000000002178e7f0:   0000000019adf9b0 00007ffd0c80177a
0x000000002178e800:   000000002178e8c0 000000002178e8a0
0x000000002178e810:   00000000179359f8 0000000017935800
0x000000002178e820:   0000000002d8835d 0000000002d98c67
0x000000002178e830:   000000002689fca0 0000000017935800
0x000000002178e840:   0000000017935800 0000000017935800
0x000000002178e850:   000000002178e918 0000000002d98962
0x000000002178e860:   000000002178e860 000000002689fca0
0x000000002178e870:   000000002178e8c0 00000000268fd010
0x000000002178e880:   0000000000000000 000000002689fca0
0x000000002178e890:   0000000000000000 000000002178e8c0
0x000000002178e8a0:   000000002178e908 0000000002d87b30
0x000000002178e8b0:   0000000000000000 0000000002d921c0
0x000000002178e8c0:   0000000084df14b8 000000002178e8c8 

Instructions: (pc=0x00007ffd0c805520)
0x00007ffd0c805500:   89 6f d0 48 8b 0f 48 85 c9 74 09 48 8b 01 ff 50
0x00007ffd0c805510:   10 48 89 2f 48 8b 8f 90 00 00 00 48 85 c9 74 0d
0x00007ffd0c805520:   48 8b 01 ff 50 10 48 89 af 90 00 00 00 48 8b 4f
0x00007ffd0c805530:   30 48 85 c9 74 0a 48 8b 01 ff 50 10 48 89 6f 30 


Register to memory mapping:

RAX=0x0000000000000001 is an unknown value
RBX=0x0000000020ca2180 is an unknown value
RCX=0x5c32336d65747379 is an unknown value
RDX=0x0000000000ec0000 is an unknown value
RSP=0x000000002178e7d0 is pointing into the stack for thread: 0x0000000017935800
RBP=0x0000000000000000 is an unknown value
RSI=0x0000000000000006 is an unknown value
RDI=0x0000000020ca23b0 is an unknown value
R8 =0x000000002178e518 is pointing into the stack for thread: 0x0000000017935800
R9 =0x0000000000000001 is an unknown value
R10=0x0000000000000000 is an unknown value
R11=0x000000002178e730 is pointing into the stack for thread: 0x0000000017935800
R12=0x0000000000000000 is an unknown value
R13={method} {0x000000002689fca8} 'jniStopSignal' '()Z' in 'KinectPV2/Device'
R14=0x000000002178e8c0 is pointing into the stack for thread: 0x0000000017935800
R15=0x0000000017935800 is a thread


Stack: [0x0000000021690000,0x0000000021790000],  sp=0x000000002178e7d0,  free space=1017k
Native frames: (J=compiled Java code, j=interpreted, Vv=VM code, C=native code)

Java frames: (J=compiled Java code, j=interpreted, Vv=VM code)
j  KinectPV2.Device.jniStopSignal()Z+0
j  KinectPV2.Device.cleanDevice()Z+1
j  KinectPV2.KinectPV2.dispose()V+10
v  ~StubRoutines::call_stub
J 2983  sun.reflect.NativeMethodAccessorImpl.invoke0(Ljava/lang/reflect/Method;Ljava/lang/Object;[Ljava/lang/Object;)Ljava/lang/Object; (0 bytes) @ 0x00000000031b193f [0x00000000031b18c0+0x7f]
J 2982 C1 sun.reflect.NativeMethodAccessorImpl.invoke(Ljava/lang/Object;[Ljava/lang/Object;)Ljava/lang/Object; (104 bytes) @ 0x0000000003657364 [0x00000000036561c0+0x11a4]
J 1831 C1 sun.reflect.DelegatingMethodAccessorImpl.invoke(Ljava/lang/Object;[Ljava/lang/Object;)Ljava/lang/Object; (10 bytes) @ 0x00000000033ccd84 [0x00000000033ccc80+0x104]
J 2980 C1 java.lang.reflect.Method.invoke(Ljava/lang/Object;[Ljava/lang/Object;)Ljava/lang/Object; (62 bytes) @ 0x00000000032ac1ac [0x00000000032abdc0+0x3ec]
j  processing.core.PApplet$RegisteredMethods.handle([Ljava/lang/Object;)V+18
j  processing.core.PApplet$RegisteredMethods.handle()V+5
j  processing.core.PApplet.handleMethods(Ljava/lang/String;)V+24
j  processing.core.PApplet.dispose()V+35
j  processing.opengl.PSurfaceJOGL$DrawListener.display(Lcom/jogamp/opengl/GLAutoDrawable;)V+206
j  jogamp.opengl.GLDrawableHelper.displayImpl(Lcom/jogamp/opengl/GLAutoDrawable;)V+62
j  jogamp.opengl.GLDrawableHelper.display(Lcom/jogamp/opengl/GLAutoDrawable;)V+2
j  jogamp.opengl.GLAutoDrawableBase$2.run()V+59
j  jogamp.opengl.GLDrawableHelper.invokeGLImpl(Lcom/jogamp/opengl/GLDrawable;Lcom/jogamp/opengl/GLContext;Ljava/lang/Runnable;Ljava/lang/Runnable;)V+203
J 2939 C2 com.jogamp.opengl.util.FPSAnimator$MainTask.run()V (805 bytes) @ 0x00000000033c523c [0x00000000033c4dc0+0x47c]
j  java.util.TimerThread.mainLoop()V+221
j  java.util.TimerThread.run()V+1
v  ~StubRoutines::call_stub

---------------  P R O C E S S  ---------------

Java Threads: ( => current thread )
  0x0000000002d7e000 JavaThread "DestroyJavaVM" [_thread_blocked, id=10416, stack(0x0000000002a90000,0x0000000002b90000)]
=>0x0000000017935800 JavaThread "main-FPSAWTAnimator#00-Timer0" [_thread_in_native, id=9632, stack(0x0000000021690000,0x0000000021790000)]
  0x0000000019f40800 JavaThread "HighResTimerThread" daemon [_thread_blocked, id=7540, stack(0x0000000021490000,0x0000000021590000)]
  0x0000000019d97800 JavaThread "main-SharedResourceRunner" daemon [_thread_blocked, id=12636, stack(0x000000001a2a0000,0x000000001a3a0000)]
  0x0000000019d85800 JavaThread "main-Display-.windows_nil-1-EDT-1" daemon [_thread_blocked, id=8388, stack(0x000000001b1b0000,0x000000001b2b0000)]
  0x000000001963d000 JavaThread "AWT-Windows" daemon [_thread_in_native, id=12668, stack(0x000000001a3a0000,0x000000001a4a0000)]
  0x0000000019a4b000 JavaThread "Java2D Disposer" daemon [_thread_blocked, id=288, stack(0x000000001a1a0000,0x000000001a2a0000)]
  0x000000001927a800 JavaThread "Service Thread" daemon [_thread_blocked, id=5528, stack(0x0000000019640000,0x0000000019740000)]
  0x00000000178ff000 JavaThread "C1 CompilerThread2" daemon [_thread_blocked, id=11368, stack(0x0000000019140000,0x0000000019240000)]
  0x00000000178fa800 JavaThread "C2 CompilerThread1" daemon [_thread_blocked, id=896, stack(0x0000000019040000,0x0000000019140000)]
  0x00000000178ec800 JavaThread "C2 CompilerThread0" daemon [_thread_blocked, id=7276, stack(0x0000000018f40000,0x0000000019040000)]
  0x00000000178eb000 JavaThread "Attach Listener" daemon [_thread_blocked, id=9572, stack(0x0000000018e40000,0x0000000018f40000)]
  0x00000000178e8000 JavaThread "Signal Dispatcher" daemon [_thread_blocked, id=1036, stack(0x0000000018d40000,0x0000000018e40000)]
  0x0000000002cab800 JavaThread "Finalizer" daemon [_thread_blocked, id=1044, stack(0x0000000018b30000,0x0000000018c30000)]
  0x0000000002ca2000 JavaThread "Reference Handler" daemon [_thread_blocked, id=10192, stack(0x0000000018a30000,0x0000000018b30000)]

Other Threads:
  0x00000000178a6800 VMThread [stack: 0x0000000018930000,0x0000000018a30000] [id=6616]
  0x000000001929c000 WatcherThread [stack: 0x0000000019740000,0x0000000019840000] [id=9564]

VM state:not at safepoint (normal execution)

VM Mutex/Monitor currently owned by a thread: None

heap address: 0x0000000081600000, size: 2026 MB, Compressed Oops mode: 32-bit
Narrow klass base: 0x0000000000000000, Narrow klass shift: 3
Compressed class space size: 1073741824 Address: 0x0000000100000000

Heap:
 PSYoungGen      total 35328K, used 31118K [0x00000000d5d00000, 0x00000000d8280000, 0x0000000100000000)
  eden space 32256K, 88% used [0x00000000d5d00000,0x00000000d78bf9f8,0x00000000d7c80000)
  from space 3072K, 88% used [0x00000000d7f80000,0x00000000d8224030,0x00000000d8280000)
  to   space 3072K, 0% used [0x00000000d7c80000,0x00000000d7c80000,0x00000000d7f80000)
 ParOldGen       total 138240K, used 85024K [0x0000000081600000, 0x0000000089d00000, 0x00000000d5d00000)
  object space 138240K, 61% used [0x0000000081600000,0x00000000869083c8,0x0000000089d00000)
 Metaspace       used 19431K, capacity 19684K, committed 20096K, reserved 1067008K
  class space    used 1725K, capacity 1805K, committed 1920K, reserved 1048576K

Card table byte_map: [0x0000000012140000,0x0000000012540000] byte_map_base: 0x0000000011d35000

Marking Bits: (ParMarkBitMap*) 0x0000000050855ce0
 Begin Bits: [0x0000000012bf0000, 0x0000000014b98000)
 End Bits:   [0x0000000014b98000, 0x0000000016b40000)

Polling page: 0x00000000009f0000

CodeCache: size=245760Kb used=7873Kb max_used=9516Kb free=237886Kb
 bounds [0x0000000002d80000, 0x00000000036f0000, 0x0000000011d80000]
 total_blobs=3324 nmethods=2400 adapters=836
 compilation: enabled

Compilation events (10 events):
Event: 427.359 Thread 0x00000000178fa800 3115       4       controlP5.Textfield::draw (421 bytes)
Event: 427.614 Thread 0x00000000178fa800 nmethod 3115 0x00000000031dcc10 code [0x00000000031dd1a0, 0x00000000031e1a30]
Event: 430.193 Thread 0x00000000178ff000 3116       1       controlP5.Controller::keyEvent (1 bytes)
Event: 430.193 Thread 0x00000000178ff000 nmethod 3116 0x00000000033f5210 code [0x00000000033f5360, 0x00000000033f5470]
Event: 430.195 Thread 0x00000000178ff000 3117       3       java.util.TreeMap::leftOf (13 bytes)
Event: 430.196 Thread 0x00000000178ff000 nmethod 3117 0x0000000003248a50 code [0x0000000003248ba0, 0x0000000003248d30]
Event: 430.196 Thread 0x00000000178ff000 3119       3       java.util.ArrayList::remove (77 bytes)
Event: 430.197 Thread 0x00000000178ff000 nmethod 3119 0x0000000002f8bf90 code [0x0000000002f8c140, 0x0000000002f8c688]
Event: 430.197 Thread 0x00000000178ff000 3118       3       java.util.TreeMap::colorOf (13 bytes)
Event: 430.197 Thread 0x00000000178ff000 nmethod 3118 0x00000000036aa750 code [0x00000000036aa8a0, 0x00000000036aaa30]

GC Heap History (10 events):
Event: 428.025 GC heap before
{Heap before GC invocations=390 (full 2):
 PSYoungGen      total 32256K, used 30616K [0x00000000d5d00000, 0x00000000d8000000, 0x0000000100000000)
  eden space 28672K, 97% used [0x00000000d5d00000,0x00000000d78521c8,0x00000000d7900000)
  from space 3584K, 73% used [0x00000000d7900000,0x00000000d7b94030,0x00000000d7c80000)
  to   space 3584K, 0% used [0x00000000d7c80000,0x00000000d7c80000,0x00000000d8000000)
 ParOldGen       total 138240K, used 85024K [0x0000000081600000, 0x0000000089d00000, 0x00000000d5d00000)
  object space 138240K, 61% used [0x0000000081600000,0x00000000869083c8,0x0000000089d00000)
 Metaspace       used 19428K, capacity 19684K, committed 20096K, reserved 1067008K
  class space    used 1725K, capacity 1805K, committed 1920K, reserved 1048576K
Event: 428.027 GC heap after
Heap after GC invocations=390 (full 2):
 PSYoungGen      total 32256K, used 2640K [0x00000000d5d00000, 0x00000000d8000000, 0x0000000100000000)
  eden space 28672K, 0% used [0x00000000d5d00000,0x00000000d5d00000,0x00000000d7900000)
  from space 3584K, 73% used [0x00000000d7c80000,0x00000000d7f14030,0x00000000d8000000)
  to   space 3584K, 0% used [0x00000000d7900000,0x00000000d7900000,0x00000000d7c80000)
 ParOldGen       total 138240K, used 85024K [0x0000000081600000, 0x0000000089d00000, 0x00000000d5d00000)
  object space 138240K, 61% used [0x0000000081600000,0x00000000869083c8,0x0000000089d00000)
 Metaspace       used 19428K, capacity 19684K, committed 20096K, reserved 1067008K
  class space    used 1725K, capacity 1805K, committed 1920K, reserved 1048576K
}
Event: 428.442 GC heap before
{Heap before GC invocations=391 (full 2):
 PSYoungGen      total 32256K, used 31205K [0x00000000d5d00000, 0x00000000d8000000, 0x0000000100000000)
  eden space 28672K, 99% used [0x00000000d5d00000,0x00000000d78e5440,0x00000000d7900000)
  from space 3584K, 73% used [0x00000000d7c80000,0x00000000d7f14030,0x00000000d8000000)
  to   space 3584K, 0% used [0x00000000d7900000,0x00000000d7900000,0x00000000d7c80000)
 ParOldGen       total 138240K, used 85024K [0x0000000081600000, 0x0000000089d00000, 0x00000000d5d00000)
  object space 138240K, 61% used [0x0000000081600000,0x00000000869083c8,0x0000000089d00000)
 Metaspace       used 19428K, capacity 19684K, committed 20096K, reserved 1067008K
  class space    used 1725K, capacity 1805K, committed 1920K, reserved 1048576K
Event: 428.444 GC heap after
Heap after GC invocations=391 (full 2):
 PSYoungGen      total 32256K, used 2672K [0x00000000d5d00000, 0x00000000d8000000, 0x0000000100000000)
  eden space 28672K, 0% used [0x00000000d5d00000,0x00000000d5d00000,0x00000000d7900000)
  from space 3584K, 74% used [0x00000000d7900000,0x00000000d7b9c030,0x00000000d7c80000)
  to   space 3584K, 0% used [0x00000000d7c80000,0x00000000d7c80000,0x00000000d8000000)
 ParOldGen       total 138240K, used 85024K [0x0000000081600000, 0x0000000089d00000, 0x00000000d5d00000)
  object space 138240K, 61% used [0x0000000081600000,0x00000000869083c8,0x0000000089d00000)
 Metaspace       used 19428K, capacity 19684K, committed 20096K, reserved 1067008K
  class space    used 1725K, capacity 1805K, committed 1920K, reserved 1048576K
}
Event: 428.860 GC heap before
{Heap before GC invocations=392 (full 2):
 PSYoungGen      total 32256K, used 31237K [0x00000000d5d00000, 0x00000000d8000000, 0x0000000100000000)
  eden space 28672K, 99% used [0x00000000d5d00000,0x00000000d78e56a8,0x00000000d7900000)
  from space 3584K, 74% used [0x00000000d7900000,0x00000000d7b9c030,0x00000000d7c80000)
  to   space 3584K, 0% used [0x00000000d7c80000,0x00000000d7c80000,0x00000000d8000000)
 ParOldGen       total 138240K, used 85024K [0x0000000081600000, 0x0000000089d00000, 0x00000000d5d00000)
  object space 138240K, 61% used [0x0000000081600000,0x00000000869083c8,0x0000000089d00000)
 Metaspace       used 19428K, capacity 19684K, committed 20096K, reserved 1067008K
  class space    used 1725K, capacity 1805K, committed 1920K, reserved 1048576K
Event: 428.863 GC heap after
Heap after GC invocations=392 (full 2):
 PSYoungGen      total 32768K, used 2672K [0x00000000d5d00000, 0x00000000d8200000, 0x0000000100000000)
  eden space 29184K, 0% used [0x00000000d5d00000,0x00000000d5d00000,0x00000000d7980000)
  from space 3584K, 74% used [0x00000000d7c80000,0x00000000d7f1c030,0x00000000d8000000)
  to   space 3072K, 0% used [0x00000000d7980000,0x00000000d7980000,0x00000000d7c80000)
 ParOldGen       total 138240K, used 85024K [0x0000000081600000, 0x0000000089d00000, 0x00000000d5d00000)
  object space 138240K, 61% used [0x0000000081600000,0x00000000869083c8,0x0000000089d00000)
 Metaspace       used 19428K, capacity 19684K, committed 20096K, reserved 1067008K
  class space    used 1725K, capacity 1805K, committed 1920K, reserved 1048576K
}
Event: 429.316 GC heap before
{Heap before GC invocations=393 (full 2):
 PSYoungGen      total 32768K, used 31274K [0x00000000d5d00000, 0x00000000d8200000, 0x0000000100000000)
  eden space 29184K, 98% used [0x00000000d5d00000,0x00000000d78ee808,0x00000000d7980000)
  from space 3584K, 74% used [0x00000000d7c80000,0x00000000d7f1c030,0x00000000d8000000)
  to   space 3072K, 0% used [0x00000000d7980000,0x00000000d7980000,0x00000000d7c80000)
 ParOldGen       total 138240K, used 85024K [0x0000000081600000, 0x0000000089d00000, 0x00000000d5d00000)
  object space 138240K, 61% used [0x0000000081600000,0x00000000869083c8,0x0000000089d00000)
 Metaspace       used 19428K, capacity 19684K, committed 20096K, reserved 1067008K
  class space    used 1725K, capacity 1805K, committed 1920K, reserved 1048576K
Event: 429.318 GC heap after
Heap after GC invocations=393 (full 2):
 PSYoungGen      total 32256K, used 2672K [0x00000000d5d00000, 0x00000000d8280000, 0x0000000100000000)
  eden space 29184K, 0% used [0x00000000d5d00000,0x00000000d5d00000,0x00000000d7980000)
  from space 3072K, 86% used [0x00000000d7980000,0x00000000d7c1c030,0x00000000d7c80000)
  to   space 3072K, 0% used [0x00000000d7f80000,0x00000000d7f80000,0x00000000d8280000)
 ParOldGen       total 138240K, used 85024K [0x0000000081600000, 0x0000000089d00000, 0x00000000d5d00000)
  object space 138240K, 61% used [0x0000000081600000,0x00000000869083c8,0x0000000089d00000)
 Metaspace       used 19428K, capacity 19684K, committed 20096K, reserved 1067008K
  class space    used 1725K, capacity 1805K, committed 1920K, reserved 1048576K
}
Event: 429.737 GC heap before
{Heap before GC invocations=394 (full 2):
 PSYoungGen      total 32256K, used 31539K [0x00000000d5d00000, 0x00000000d8280000, 0x0000000100000000)
  eden space 29184K, 98% used [0x00000000d5d00000,0x00000000d7930de8,0x00000000d7980000)
  from space 3072K, 86% used [0x00000000d7980000,0x00000000d7c1c030,0x00000000d7c80000)
  to   space 3072K, 0% used [0x00000000d7f80000,0x00000000d7f80000,0x00000000d8280000)
 ParOldGen       total 138240K, used 85024K [0x0000000081600000, 0x0000000089d00000, 0x00000000d5d00000)
  object space 138240K, 61% used [0x0000000081600000,0x00000000869083c8,0x0000000089d00000)
 Metaspace       used 19428K, capacity 19684K, committed 20096K, reserved 1067008K
  class space    used 1725K, capacity 1805K, committed 1920K, reserved 1048576K
Event: 429.739 GC heap after
Heap after GC invocations=394 (full 2):
 PSYoungGen      total 35328K, used 2704K [0x00000000d5d00000, 0x00000000d8280000, 0x0000000100000000)
  eden space 32256K, 0% used [0x00000000d5d00000,0x00000000d5d00000,0x00000000d7c80000)
  from space 3072K, 88% used [0x00000000d7f80000,0x00000000d8224030,0x00000000d8280000)
  to   space 3072K, 0% used [0x00000000d7c80000,0x00000000d7c80000,0x00000000d7f80000)
 ParOldGen       total 138240K, used 85024K [0x0000000081600000, 0x0000000089d00000, 0x00000000d5d00000)
  object space 138240K, 61% used [0x0000000081600000,0x00000000869083c8,0x0000000089d00000)
 Metaspace       used 19428K, capacity 19684K, committed 20096K, reserved 1067008K
  class space    used 1725K, capacity 1805K, committed 1920K, reserved 1048576K
}

Deoptimization events (10 events):
Event: 309.704 Thread 0x0000000017935800 Uncommon trap: reason=class_check action=maybe_recompile pc=0x0000000003334f08 method=java.util.AbstractCollection.isEmpty()Z @ 1
Event: 311.055 Thread 0x0000000017935800 Uncommon trap: reason=class_check action=maybe_recompile pc=0x0000000003334f08 method=java.util.AbstractCollection.isEmpty()Z @ 1
Event: 311.108 Thread 0x0000000017935800 Uncommon trap: reason=unstable_if action=reinterpret pc=0x0000000003337674 method=sun.font.GlyphList.ensureCapacity(I)V @ 49
Event: 332.288 Thread 0x0000000017935800 Uncommon trap: reason=class_check action=maybe_recompile pc=0x00000000030caa08 method=controlP5.Controller.updateEvents()Ljava/lang/Object; @ 78
Event: 362.747 Thread 0x0000000019d85800 Uncommon trap: reason=unstable_if action=reinterpret pc=0x00000000035071a0 method=jogamp.newt.WindowImpl.doPointerEvent(ZZ[Lcom/jogamp/newt/event/MouseEvent$PointerType;SII[SS[I[I[FF[FF)V @ 572
Event: 383.549 Thread 0x0000000017935800 Uncommon trap: reason=class_check action=maybe_recompile pc=0x00000000030caa08 method=controlP5.Controller.updateEvents()Ljava/lang/Object; @ 78
Event: 405.554 Thread 0x0000000017935800 Uncommon trap: reason=unstable_if action=reinterpret pc=0x00000000036ce474 method=processing.opengl.Texture.releasePixelBuffer()V @ 26
Event: 430.193 Thread 0x0000000017935800 Uncommon trap: reason=unstable_if action=reinterpret pc=0x00000000032bd084 method=processing.opengl.PSurfaceJOGL$DrawListener.display(Lcom/jogamp/opengl/GLAutoDrawable;)V @ 147
Event: 430.194 Thread 0x0000000017935800 Uncommon trap: reason=unstable_if action=reinterpret pc=0x00000000034769d0 method=processing.opengl.PGL.endRender(I)V @ 770
Event: 430.194 Thread 0x0000000017935800 Uncommon trap: reason=unstable_if action=reinterpret pc=0x0000000002fc9a98 method=java.lang.reflect.Method.invoke(Ljava/lang/Object;[Ljava/lang/Object;)Ljava/lang/Object; @ 45

Classes redefined (0 events):
No events

Internal exceptions (10 events):
Event: 7.205 Thread 0x0000000017935800 Exception <a 'java/io/IOException'> (0x00000000d66ad688) thrown at [C:\re\workspace\8-2-build-windows-amd64-cygwin\jdk8u202\12323\hotspot\src\share\vm\prims\jni.cpp, line 710]
Event: 7.205 Thread 0x0000000017935800 Exception <a 'java/io/IOException'> (0x00000000d66ad940) thrown at [C:\re\workspace\8-2-build-windows-amd64-cygwin\jdk8u202\12323\hotspot\src\share\vm\prims\jni.cpp, line 710]
Event: 7.205 Thread 0x0000000017935800 Exception <a 'java/io/IOException'> (0x00000000d66adbc8) thrown at [C:\re\workspace\8-2-build-windows-amd64-cygwin\jdk8u202\12323\hotspot\src\share\vm\prims\jni.cpp, line 710]
Event: 7.417 Thread 0x0000000017935800 Exception <a 'java/io/IOException'> (0x00000000d6832508) thrown at [C:\re\workspace\8-2-build-windows-amd64-cygwin\jdk8u202\12323\hotspot\src\share\vm\prims\jni.cpp, line 710]
Event: 7.417 Thread 0x0000000017935800 Exception <a 'java/io/IOException'> (0x00000000d68327c0) thrown at [C:\re\workspace\8-2-build-windows-amd64-cygwin\jdk8u202\12323\hotspot\src\share\vm\prims\jni.cpp, line 710]
Event: 7.418 Thread 0x0000000017935800 Exception <a 'java/io/IOException'> (0x00000000d6832a48) thrown at [C:\re\workspace\8-2-build-windows-amd64-cygwin\jdk8u202\12323\hotspot\src\share\vm\prims\jni.cpp, line 710]
Event: 9.767 Thread 0x0000000017935800 Implicit null exception at 0x00000000032ec893 to 0x00000000032ecaae
Event: 296.207 Thread 0x0000000017935800 Implicit null exception at 0x0000000002f8c1c1 to 0x0000000002f8c33d
Event: 430.194 Thread 0x0000000017935800 Implicit null exception at 0x0000000002fc9630 to 0x0000000002fc9a6d
Event: 430.194 Thread 0x0000000017932800 Exception <a 'java/lang/InterruptedException'> (0x00000000d7889db8) thrown at [C:\re\workspace\8-2-build-windows-amd64-cygwin\jdk8u202\12323\hotspot\src\share\vm\runtime\objectMonitor.cpp, line 1684]

Events (10 events):
Event: 430.194 Thread 0x0000000017935800 DEOPT UNPACKING pc=0x0000000002dc583b sp=0x000000002178f2e0 mode 2
Event: 430.194 Thread 0x0000000017935800 Uncommon trap: trap_request=0xffffff65 fr.pc=0x0000000002fc9a98
Event: 430.194 Thread 0x0000000017935800 DEOPT PACKING pc=0x0000000002fc9a98 sp=0x000000002178f310
Event: 430.194 Thread 0x0000000017935800 DEOPT UNPACKING pc=0x0000000002dc583b sp=0x000000002178f190 mode 2
Event: 430.194 Executing VM operation: RevokeBias
Event: 430.194 Executing VM operation: RevokeBias done
Event: 430.194 Thread 0x0000000017932800 Thread exited: 0x0000000017932800
Event: 430.196 Executing VM operation: RevokeBias
Event: 430.196 Executing VM operation: RevokeBias done
Event: 430.196 Thread 0x000000001b9d4800 Thread exited: 0x000000001b9d4800


Dynamic libraries:
0x00007ff63bc50000 - 0x00007ff63bc87000 	C:\Users\Admin\Desktop\INZ\Praca_Inz\kinect_v1\application.windows64\java\bin\javaw.exe
0x00007ffd2bea0000 - 0x00007ffd2c090000 	C:\WINDOWS\SYSTEM32\ntdll.dll
0x00007ffd2b780000 - 0x00007ffd2b832000 	C:\WINDOWS\System32\KERNEL32.DLL
0x00007ffd29110000 - 0x00007ffd293b5000 	C:\WINDOWS\System32\KERNELBASE.dll
0x00007ffd26a90000 - 0x00007ffd26b1f000 	C:\WINDOWS\SYSTEM32\apphelp.dll
0x00007ffd2a4b0000 - 0x00007ffd2a553000 	C:\WINDOWS\System32\ADVAPI32.dll
0x00007ffd2a560000 - 0x00007ffd2a5fe000 	C:\WINDOWS\System32\msvcrt.dll
0x00007ffd2a660000 - 0x00007ffd2a6f7000 	C:\WINDOWS\System32\sechost.dll
0x00007ffd2a870000 - 0x00007ffd2a990000 	C:\WINDOWS\System32\RPCRT4.dll
0x00007ffd29f50000 - 0x00007ffd2a0e5000 	C:\WINDOWS\System32\USER32.dll
0x00007ffd29010000 - 0x00007ffd29031000 	C:\WINDOWS\System32\win32u.dll
0x00007ffd2a0f0000 - 0x00007ffd2a116000 	C:\WINDOWS\System32\GDI32.dll
0x00007ffd293c0000 - 0x00007ffd29556000 	C:\WINDOWS\System32\gdi32full.dll
0x00007ffd29eb0000 - 0x00007ffd29f4e000 	C:\WINDOWS\System32\msvcp_win.dll
0x00007ffd29d00000 - 0x00007ffd29dfa000 	C:\WINDOWS\System32\ucrtbase.dll
0x00007ffd1b600000 - 0x00007ffd1b884000 	C:\WINDOWS\WinSxS\amd64_microsoft.windows.common-controls_6595b64144ccf1df_6.0.18362.1082_none_9e8193e1e45b25c1\COMCTL32.dll
0x00007ffd2b1e0000 - 0x00007ffd2b515000 	C:\WINDOWS\System32\combase.dll
0x00007ffd29040000 - 0x00007ffd290c0000 	C:\WINDOWS\System32\bcryptPrimitives.dll
0x00007ffd2a300000 - 0x00007ffd2a32e000 	C:\WINDOWS\System32\IMM32.DLL
0x00000000508e0000 - 0x00000000509b2000 	C:\Users\Admin\Desktop\INZ\Praca_Inz\kinect_v1\application.windows64\java\bin\msvcr100.dll
0x0000000050030000 - 0x00000000508d5000 	C:\Users\Admin\Desktop\INZ\Praca_Inz\kinect_v1\application.windows64\java\bin\server\jvm.dll
0x00007ffd2a990000 - 0x00007ffd2a998000 	C:\WINDOWS\System32\PSAPI.DLL
0x00007ffd20180000 - 0x00007ffd2018a000 	C:\WINDOWS\SYSTEM32\VERSION.dll
0x00007ffd26990000 - 0x00007ffd269b4000 	C:\WINDOWS\SYSTEM32\WINMM.dll
0x00007ffd158e0000 - 0x00007ffd158e9000 	C:\WINDOWS\SYSTEM32\WSOCK32.dll
0x00007ffd2a9a0000 - 0x00007ffd2aa0f000 	C:\WINDOWS\System32\WS2_32.dll
0x00007ffd26960000 - 0x00007ffd2698d000 	C:\WINDOWS\SYSTEM32\winmmbase.dll
0x00007ffd290c0000 - 0x00007ffd2910a000 	C:\WINDOWS\System32\cfgmgr32.dll
0x00007ffd21bb0000 - 0x00007ffd21bbf000 	C:\Users\Admin\Desktop\INZ\Praca_Inz\kinect_v1\application.windows64\java\bin\verify.dll
0x00007ffd18080000 - 0x00007ffd180a9000 	C:\Users\Admin\Desktop\INZ\Praca_Inz\kinect_v1\application.windows64\java\bin\java.dll
0x00007ffd19ac0000 - 0x00007ffd19ad6000 	C:\Users\Admin\Desktop\INZ\Praca_Inz\kinect_v1\application.windows64\java\bin\zip.dll
0x00007ffd2aaf0000 - 0x00007ffd2b1d7000 	C:\WINDOWS\System32\SHELL32.dll
0x00007ffd2a180000 - 0x00007ffd2a229000 	C:\WINDOWS\System32\shcore.dll
0x00007ffd29560000 - 0x00007ffd29ce0000 	C:\WINDOWS\System32\windows.storage.dll
0x00007ffd28e00000 - 0x00007ffd28e23000 	C:\WINDOWS\System32\profapi.dll
0x00007ffd28d70000 - 0x00007ffd28dba000 	C:\WINDOWS\System32\powrprof.dll
0x00007ffd28d60000 - 0x00007ffd28d70000 	C:\WINDOWS\System32\UMPDC.dll
0x00007ffd2a120000 - 0x00007ffd2a172000 	C:\WINDOWS\System32\shlwapi.dll
0x00007ffd28de0000 - 0x00007ffd28df1000 	C:\WINDOWS\System32\kernel.appcore.dll
0x00007ffd29ce0000 - 0x00007ffd29cf7000 	C:\WINDOWS\System32\cryptsp.dll
0x00007ffcf6e50000 - 0x00007ffcf6fe9000 	C:\Users\Admin\Desktop\INZ\Praca_Inz\kinect_v1\application.windows64\java\bin\awt.dll
0x00007ffd2a330000 - 0x00007ffd2a3f5000 	C:\WINDOWS\System32\OLEAUT32.dll
0x00007ffd26d80000 - 0x00007ffd26e19000 	C:\WINDOWS\system32\uxtheme.dll
0x00007ffd2b640000 - 0x00007ffd2b775000 	C:\WINDOWS\System32\MSCTF.dll
0x00007ffd2a710000 - 0x00007ffd2a867000 	C:\WINDOWS\System32\ole32.dll
0x00007ffd270e0000 - 0x00007ffd2710d000 	C:\WINDOWS\system32\DWMAPI.DLL
0x00007ffd11030000 - 0x00007ffd11186000 	C:\WINDOWS\system32\opengl32.dll
0x00007ffd18200000 - 0x00007ffd1822c000 	C:\WINDOWS\SYSTEM32\GLU32.dll
0x00007ffd27970000 - 0x00007ffd27990000 	C:\WINDOWS\SYSTEM32\dxcore.dll
0x00007ffd280e0000 - 0x00007ffd28113000 	C:\WINDOWS\system32\rsaenh.dll
0x00007ffd28e90000 - 0x00007ffd28eb6000 	C:\WINDOWS\System32\bcrypt.dll
0x00007ffd28c80000 - 0x00007ffd28ca5000 	C:\WINDOWS\SYSTEM32\USERENV.dll
0x00007ffd286e0000 - 0x00007ffd286ec000 	C:\WINDOWS\SYSTEM32\CRYPTBASE.dll
0x00007ffd0c840000 - 0x00007ffd0c85a000 	C:\Users\Admin\Desktop\INZ\Praca_Inz\kinect_v1\application.windows64\java\bin\net.dll
0x00007ffd19060000 - 0x00007ffd19236000 	C:\WINDOWS\SYSTEM32\urlmon.dll
0x00007ffd19480000 - 0x00007ffd19726000 	C:\WINDOWS\SYSTEM32\iertutil.dll
0x00007ffd28560000 - 0x00007ffd285c7000 	C:\WINDOWS\system32\mswsock.dll
0x00007ffd28280000 - 0x00007ffd282ba000 	C:\WINDOWS\SYSTEM32\IPHLPAPI.DLL
0x00007ffd2b5c0000 - 0x00007ffd2b5c8000 	C:\WINDOWS\System32\NSI.dll
0x00007ffd21240000 - 0x00007ffd21256000 	C:\WINDOWS\SYSTEM32\dhcpcsvc6.DLL
0x00007ffd21040000 - 0x00007ffd2105c000 	C:\WINDOWS\SYSTEM32\dhcpcsvc.DLL
0x00007ffd282d0000 - 0x00007ffd2839b000 	C:\WINDOWS\SYSTEM32\DNSAPI.dll
0x00007ffd0c820000 - 0x00007ffd0c832000 	C:\Users\Admin\Desktop\INZ\Praca_Inz\kinect_v1\application.windows64\java\bin\nio.dll
0x00000000637c0000 - 0x00000000637cd000 	C:\Users\Admin\AppData\Local\Temp\jogamp_0000\file_cache\jln4337790976142024403\jln3634790476341346412\natives\windows-amd64\gluegen-rt.dll
0x00007ffd1c5d0000 - 0x00007ffd1c5d7000 	C:\Users\Admin\Desktop\INZ\Praca_Inz\kinect_v1\application.windows64\java\bin\jawt.dll
0x000000006a440000 - 0x000000006a44d000 	C:\Users\Admin\AppData\Local\Temp\jogamp_0000\file_cache\jln4337790976142024403\jln3634790476341346412\natives\windows-amd64\nativewindow_awt.dll
0x000000006c100000 - 0x000000006c10f000 	C:\Users\Admin\AppData\Local\Temp\jogamp_0000\file_cache\jln4337790976142024403\jln3634790476341346412\natives\windows-amd64\nativewindow_win32.dll
0x000000006cbc0000 - 0x000000006cbd3000 	C:\Users\Admin\AppData\Local\Temp\jogamp_0000\file_cache\jln4337790976142024403\jln3634790476341346412\natives\windows-amd64\newt.dll
0x00007ffd243f0000 - 0x00007ffd2449e000 	C:\WINDOWS\SYSTEM32\mscms.dll
0x00007ffd243d0000 - 0x00007ffd243e7000 	C:\WINDOWS\SYSTEM32\ColorAdapterClient.dll
0x00007ffd0b6b0000 - 0x00007ffd0b6f3000 	C:\WINDOWS\SYSTEM32\icm32.dll
0x00007ffd2b9f0000 - 0x00007ffd2be60000 	C:\WINDOWS\System32\setupapi.dll
0x00007ffd28b50000 - 0x00007ffd28b7a000 	C:\WINDOWS\SYSTEM32\DEVOBJ.dll
0x00007ffd28e30000 - 0x00007ffd28e8c000 	C:\WINDOWS\System32\WINTRUST.dll
0x00007ffd28dc0000 - 0x00007ffd28dd2000 	C:\WINDOWS\System32\MSASN1.dll
0x00007ffd28ec0000 - 0x00007ffd29009000 	C:\WINDOWS\System32\CRYPT32.dll
0x0000000064500000 - 0x00000000645b1000 	C:\Users\Admin\AppData\Local\Temp\jogamp_0000\file_cache\jln4337790976142024403\jln3634790476341346412\natives\windows-amd64\jogl_desktop.dll
0x0000000064340000 - 0x00000000643a2000 	C:\Users\Admin\AppData\Local\Temp\jogamp_0000\file_cache\jln4337790976142024403\jln3634790476341346412\natives\windows-amd64\jogl_mobile.dll
0x00007ffceac10000 - 0x00007ffceb757000 	C:\WINDOWS\SYSTEM32\ig75icd64.dll
0x00007ffd1de60000 - 0x00007ffd1e89f000 	C:\WINDOWS\SYSTEM32\igdusc64.dll
0x00007ffd253e0000 - 0x00007ffd253f3000 	C:\WINDOWS\SYSTEM32\WTSAPI32.dll
0x00007ffd1c5e0000 - 0x00007ffd1c67e000 	C:\WINDOWS\System32\TextInputFramework.dll
0x00007ffd260a0000 - 0x00007ffd26174000 	C:\WINDOWS\System32\CoreMessaging.dll
0x00007ffd21f60000 - 0x00007ffd2228a000 	C:\WINDOWS\System32\CoreUIComponents.dll
0x00007ffd27d60000 - 0x00007ffd27d91000 	C:\WINDOWS\SYSTEM32\ntmarta.dll
0x00007ffd244a0000 - 0x00007ffd245f3000 	C:\WINDOWS\SYSTEM32\wintypes.dll
0x00007ffd057c0000 - 0x00007ffd05807000 	C:\Users\Admin\Desktop\INZ\Praca_Inz\kinect_v1\application.windows64\java\bin\fontmanager.dll
0x00007ffd04f40000 - 0x00007ffd04f82000 	C:\Users\Admin\Desktop\INZ\Praca_Inz\kinect_v1\application.windows64\java\bin\t2k.dll
0x00007ffceaa70000 - 0x00007ffceac0c000 	C:\Users\Admin\Desktop\INZ\Praca_Inz\kinect_v1\application.windows64\lib\Kinect20.Face.dll
0x00007ffd16910000 - 0x00007ffd169e4000 	C:\WINDOWS\SYSTEM32\MSVCR110.dll
0x00007ffd0ac40000 - 0x00007ffd0ace7000 	C:\WINDOWS\SYSTEM32\MSVCP110.dll
0x00007ffd0c800000 - 0x00007ffd0c811000 	C:\Users\Admin\Desktop\INZ\Praca_Inz\kinect_v1\application.windows64\lib\KinectPV2.dll
0x00007ffcfdda0000 - 0x00007ffcfde5b000 	C:\WINDOWS\SYSTEM32\Kinect20.dll
0x00007ffd23750000 - 0x00007ffd2394a000 	C:\WINDOWS\SYSTEM32\MFPlat.DLL
0x00007ffd23720000 - 0x00007ffd2374f000 	C:\WINDOWS\SYSTEM32\RTWorkQ.DLL
0x00007ffd27700000 - 0x00007ffd278f4000 	C:\WINDOWS\SYSTEM32\dbghelp.dll

VM Arguments:
jvm_args: -Djna.nosys=true -Djava.ext.dirs=C:\Users\Admin\Desktop\INZ\Praca_Inz\kinect_v1\application.windows64\java\lib\ext -Djava.library.path=C:\Users\Admin\Desktop\INZ\Praca_Inz\kinect_v1\application.windows64\lib 
java_command: kinect_v1
java_class_path (initial): lib\kinect_v1.jar;lib\core.jar;lib\jogl-all.jar;lib\gluegen-rt.jar;lib\jogl-all-natives-windows-amd64.jar;lib\gluegen-rt-natives-windows-amd64.jar;lib\OBJExport.jar;lib\apiviz-1.3.1.GA.jar;lib\args4j-2.0.8.jar;lib\doapamine.jar;lib\toxiclibs.jar;lib\umlgraph5.2.jar;lib\controlP5.jar;lib\peasy-math.jar;lib\peasycam.jar;lib\KinectPV2.jar
Launcher Type: SUN_STANDARD

Environment Variables:
JAVA_HOME=C:\Users\Admin\Desktop\jdk-13.0.2
PATH=C:\Program Files (x86)\Common Files\Oracle\Java\javapath;C:\ProgramData\Oracle\Java\javapath;C:\WINDOWS\system32;C:\WINDOWS;C:\WINDOWS\System32\Wbem;C:\WINDOWS\System32\WindowsPowerShell\v1.0\;C:\Program Files\dotnet\;C:\Program Files\Microsoft SQL Server\130\Tools\Binn\;C:\Program Files\Microsoft SQL Server\Client SDK\ODBC\170\Tools\Binn\;C:\WINDOWS\System32\OpenSSH\;C:\Program Files (x86)\ZeroTier\One\;C:\Program Files\Git\cmd;C:\Program Files\nodejs\;C:\Program Files\swipl\bin;C:\Users\Admin\AppData\Local\Programs\Python\Python38-32\Scripts\;C:\Users\Admin\AppData\Local\Programs\Python\Python38-32\;C:\Users\Admin\AppData\Local\Microsoft\WindowsApps;C:\Users\Admin\AppData\Local\Programs\Microsoft VS Code\bin;C:\Users\Admin\AppData\Roaming\npm;C:\Users\Admin\Desktop\INZ\Praca_Inz\kinect_v1\application.windows64\java\bin
USERNAME=Admin
OS=Windows_NT
PROCESSOR_IDENTIFIER=Intel64 Family 6 Model 60 Stepping 3, GenuineIntel



---------------  S Y S T E M  ---------------

OS: Windows 10.0 , 64 bit Build 18362 (10.0.18362.1082)

CPU:total 4 (initial active 4) (2 cores per cpu, 2 threads per core) family 6 model 60 stepping 3, cmov, cx8, fxsr, mmx, sse, sse2, sse3, ssse3, sse4.1, sse4.2, popcnt, avx, avx2, aes, clmul, erms, lzcnt, ht, tsc, tscinvbit, bmi1, bmi2

Memory: 4k page, physical 8291924k(3886968k free), swap 9602644k(3753508k free)

vm_info: Java HotSpot(TM) 64-Bit Server VM (25.202-b08) for windows-amd64 JRE (1.8.0_202-b08), built on Dec 15 2018 19:54:30 by "java_re" with MS VC++ 10.0 (VS2010)

time: Mon Oct 05 21:21:44 2020
timezone: Œrodkowoeuropejski czas letni
elapsed time: 430 seconds (0d 0h 7m 10s)

