#
# A fatal error has been detected by the Java Runtime Environment:
#
#  EXCEPTION_ACCESS_VIOLATION (0xc0000005) at pc=0x00007ffb6f745536, pid=5292, tid=0x00000000000024bc
#
# JRE version: Java(TM) SE Runtime Environment (8.0_202-b08) (build 1.8.0_202-b08)
# Java VM: Java HotSpot(TM) 64-Bit Server VM (25.202-b08 mixed mode windows-amd64 compressed oops)
# Problematic frame:
# C  [KinectPV2.dll+0x5536]
#
# Failed to write core dump. Minidumps are not enabled by default on client versions of Windows
#
# If you would like to submit a bug report, please visit:
#   http://bugreport.java.com/bugreport/crash.jsp
# The crash happened outside the Java Virtual Machine in native code.
# See problematic frame for where to report the bug.
#

---------------  T H R E A D  ---------------

Current thread (0x000000001a0c1800):  JavaThread "main-FPSAWTAnimator#00-Timer0" [_thread_in_native, id=9404, stack(0x0000000060b60000,0x0000000060c60000)]

siginfo: ExceptionCode=0xc0000005, reading address 0xffffffffffffffff

Registers:
RAX=0x0000000000000001, RBX=0x00000000603904c0, RCX=0x00042cfe00000002, RDX=0x0000000001150000
RSP=0x0000000060c5e200, RBP=0x0000000000000000, RSI=0x0000000000000005, RDI=0x00000000603906f8
R8 =0x0000000060c5df48, R9 =0x0000000000000001, R10=0x0000000000000000, R11=0x0000000060c5e160
R12=0x0000000000000000, R13=0x0000000061d1d320, R14=0x0000000060c5e2f0, R15=0x000000001a0c1800
RIP=0x00007ffb6f745536, EFLAGS=0x0000000000010202

Top of Stack: (sp=0x0000000060c5e200)
0x0000000060c5e200:   00000000603904c0 0000000061d1d320
0x0000000060c5e210:   0000000000000000 000000001a5b6000
0x0000000060c5e220:   000000001a5b6000 00007ffb6f74177a
0x0000000060c5e230:   0000000060c5e2f0 0000000060c5e2d0
0x0000000060c5e240:   000000001a0c19f8 000000001a0c1800
0x0000000060c5e250:   000000000320835d 0000000003218c67
0x0000000060c5e260:   0000000061d1d320 000000001a0c1800
0x0000000060c5e270:   000000001a0c1800 000000001a0c1800
0x0000000060c5e280:   0000000060c5e348 0000000003218962
0x0000000060c5e290:   0000000060c5e290 0000000061d1d320
0x0000000060c5e2a0:   0000000060c5e2f0 0000000061d51f18
0x0000000060c5e2b0:   0000000000000000 0000000061d1d320
0x0000000060c5e2c0:   0000000000000000 0000000060c5e2f0
0x0000000060c5e2d0:   0000000060c5e338 0000000003207b30
0x0000000060c5e2e0:   0000000000000000 00000000032121c0
0x0000000060c5e2f0:   0000000084b4b0a8 0000000060c5e2f8 

Instructions: (pc=0x00007ffb6f745536)
0x00007ffb6f745516:   8f 90 00 00 00 48 85 c9 74 0d 48 8b 01 ff 50 10
0x00007ffb6f745526:   48 89 af 90 00 00 00 48 8b 4f 30 48 85 c9 74 0a
0x00007ffb6f745536:   48 8b 01 ff 50 10 48 89 6f 30 48 8b 4f 60 48 85
0x00007ffb6f745546:   c9 74 0a 48 8b 01 ff 50 10 48 89 6f 60 48 8b 8f 


Register to memory mapping:

RAX=0x0000000000000001 is an unknown value
RBX=0x00000000603904c0 is an unknown value
RCX=0x00042cfe00000002 is an unknown value
RDX=0x0000000001150000 is an unknown value
RSP=0x0000000060c5e200 is pointing into the stack for thread: 0x000000001a0c1800
RBP=0x0000000000000000 is an unknown value
RSI=0x0000000000000005 is an unknown value
RDI=0x00000000603906f8 is an unknown value
R8 =0x0000000060c5df48 is pointing into the stack for thread: 0x000000001a0c1800
R9 =0x0000000000000001 is an unknown value
R10=0x0000000000000000 is an unknown value
R11=0x0000000060c5e160 is pointing into the stack for thread: 0x000000001a0c1800
R12=0x0000000000000000 is an unknown value
R13={method} {0x0000000061d1d328} 'jniStopSignal' '()Z' in 'KinectPV2/Device'
R14=0x0000000060c5e2f0 is pointing into the stack for thread: 0x000000001a0c1800
R15=0x000000001a0c1800 is a thread


Stack: [0x0000000060b60000,0x0000000060c60000],  sp=0x0000000060c5e200,  free space=1016k
Native frames: (J=compiled Java code, j=interpreted, Vv=VM code, C=native code)

Java frames: (J=compiled Java code, j=interpreted, Vv=VM code)
j  KinectPV2.Device.jniStopSignal()Z+0
j  KinectPV2.Device.cleanDevice()Z+1
j  KinectPV2.KinectPV2.dispose()V+10
v  ~StubRoutines::call_stub
j  sun.reflect.NativeMethodAccessorImpl.invoke0(Ljava/lang/reflect/Method;Ljava/lang/Object;[Ljava/lang/Object;)Ljava/lang/Object;+0
j  sun.reflect.NativeMethodAccessorImpl.invoke(Ljava/lang/Object;[Ljava/lang/Object;)Ljava/lang/Object;+100
J 2465 C2 processing.core.PApplet.handleMethods(Ljava/lang/String;)V (36 bytes) @ 0x0000000003a6bcec [0x0000000003a6b780+0x56c]
j  processing.core.PApplet.dispose()V+35
j  processing.opengl.PSurfaceJOGL$DrawListener.display(Lcom/jogamp/opengl/GLAutoDrawable;)V+206
j  jogamp.opengl.GLDrawableHelper.displayImpl(Lcom/jogamp/opengl/GLAutoDrawable;)V+62
j  jogamp.opengl.GLDrawableHelper.display(Lcom/jogamp/opengl/GLAutoDrawable;)V+2
j  jogamp.opengl.GLAutoDrawableBase$2.run()V+59
J 2229 C1 jogamp.opengl.GLDrawableHelper.invokeGLImpl(Lcom/jogamp/opengl/GLDrawable;Lcom/jogamp/opengl/GLContext;Ljava/lang/Runnable;Ljava/lang/Runnable;)V (579 bytes) @ 0x00000000039b6c2c [0x00000000039b5de0+0xe4c]
J 2770 C2 com.jogamp.opengl.util.FPSAnimator$MainTask.run()V (805 bytes) @ 0x00000000037f6dbc [0x00000000037f6940+0x47c]
j  java.util.TimerThread.mainLoop()V+221
j  java.util.TimerThread.run()V+1
v  ~StubRoutines::call_stub

---------------  P R O C E S S  ---------------

Java Threads: ( => current thread )
  0x000000000170e000 JavaThread "DestroyJavaVM" [_thread_blocked, id=12500, stack(0x0000000002f40000,0x0000000003040000)]
=>0x000000001a0c1800 JavaThread "main-FPSAWTAnimator#00-Timer0" [_thread_in_native, id=9404, stack(0x0000000060b60000,0x0000000060c60000)]
  0x000000001a3dd000 JavaThread "HighResTimerThread" daemon [_thread_blocked, id=8924, stack(0x000000001a740000,0x000000001a840000)]
  0x000000001a2e4800 JavaThread "main-SharedResourceRunner" daemon [_thread_blocked, id=7812, stack(0x000000001ba80000,0x000000001bb80000)]
  0x000000001a148000 JavaThread "main-Display-.windows_nil-1-EDT-1" daemon [_thread_blocked, id=1880, stack(0x000000001b580000,0x000000001b680000)]
  0x0000000019f2f000 JavaThread "AWT-Windows" daemon [_thread_in_native, id=8464, stack(0x000000001a840000,0x000000001a940000)]
  0x0000000019f29800 JavaThread "Java2D Disposer" daemon [_thread_blocked, id=12448, stack(0x000000001a640000,0x000000001a740000)]
  0x0000000019724800 JavaThread "Service Thread" daemon [_thread_blocked, id=8060, stack(0x0000000019ae0000,0x0000000019be0000)]
  0x0000000017d82000 JavaThread "C1 CompilerThread2" daemon [_thread_blocked, id=10364, stack(0x00000000195e0000,0x00000000196e0000)]
  0x0000000017d71000 JavaThread "C2 CompilerThread1" daemon [_thread_blocked, id=6004, stack(0x00000000194e0000,0x00000000195e0000)]
  0x0000000017d6c800 JavaThread "C2 CompilerThread0" daemon [_thread_blocked, id=2764, stack(0x00000000193e0000,0x00000000194e0000)]
  0x0000000017d6b800 JavaThread "Attach Listener" daemon [_thread_blocked, id=8740, stack(0x00000000192e0000,0x00000000193e0000)]
  0x0000000017d68800 JavaThread "Signal Dispatcher" daemon [_thread_blocked, id=11860, stack(0x00000000191e0000,0x00000000192e0000)]
  0x00000000031fc000 JavaThread "Finalizer" daemon [_thread_blocked, id=3240, stack(0x0000000018fd0000,0x00000000190d0000)]
  0x00000000031f2000 JavaThread "Reference Handler" daemon [_thread_blocked, id=9092, stack(0x0000000018ed0000,0x0000000018fd0000)]

Other Threads:
  0x0000000017d26800 VMThread [stack: 0x0000000018dd0000,0x0000000018ed0000] [id=6460]
  0x0000000019741000 WatcherThread [stack: 0x0000000019be0000,0x0000000019ce0000] [id=7876]

VM state:not at safepoint (normal execution)

VM Mutex/Monitor currently owned by a thread: None

heap address: 0x0000000081600000, size: 2026 MB, Compressed Oops mode: 32-bit
Narrow klass base: 0x0000000000000000, Narrow klass shift: 3
Compressed class space size: 1073741824 Address: 0x0000000100000000

Heap:
 PSYoungGen      total 465408K, used 290659K [0x00000000d5d00000, 0x00000000ff400000, 0x0000000100000000)
  eden space 276480K, 58% used [0x00000000d5d00000,0x00000000dfbaa4e0,0x00000000e6b00000)
  from space 188928K, 67% used [0x00000000e6b00000,0x00000000ee82ea78,0x00000000f2380000)
  to   space 192512K, 0% used [0x00000000f3800000,0x00000000f3800000,0x00000000ff400000)
 ParOldGen       total 490496K, used 288949K [0x0000000081600000, 0x000000009f500000, 0x00000000d5d00000)
  object space 490496K, 58% used [0x0000000081600000,0x000000009302d4a0,0x000000009f500000)
 Metaspace       used 18920K, capacity 19144K, committed 19456K, reserved 1067008K
  class space    used 1684K, capacity 1763K, committed 1792K, reserved 1048576K

Card table byte_map: [0x00000000125c0000,0x00000000129c0000] byte_map_base: 0x00000000121b5000

Marking Bits: (ParMarkBitMap*) 0x000000006e435ce0
 Begin Bits: [0x0000000013070000, 0x0000000015018000)
 End Bits:   [0x0000000015018000, 0x0000000016fc0000)

Polling page: 0x0000000001680000

CodeCache: size=245760Kb used=7876Kb max_used=8827Kb free=237883Kb
 bounds [0x0000000003200000, 0x0000000003ab0000, 0x0000000012200000]
 total_blobs=3196 nmethods=2281 adapters=827
 compilation: enabled

Compilation events (10 events):
Event: 179.767 Thread 0x0000000017d71000 nmethod 2771 0x0000000003856410 code [0x0000000003856800, 0x000000000385ac28]
Event: 179.814 Thread 0x0000000017d71000 2776       4       peasy.PeasyCam::endHUD (57 bytes)
Event: 179.823 Thread 0x0000000017d71000 nmethod 2776 0x0000000003a17710 code [0x0000000003a178a0, 0x0000000003a17d10]
Event: 179.952 Thread 0x0000000017d6c800 nmethod 2775 0x0000000003765350 code [0x0000000003765920, 0x000000000376cea8]
Event: 180.310 Thread 0x0000000017d82000 2777       3       java.util.TreeMap::getEntry (84 bytes)
Event: 180.310 Thread 0x0000000017d6c800 2778       4       java.lang.Object::equals (11 bytes)
Event: 180.311 Thread 0x0000000017d6c800 nmethod 2778 0x00000000039da0d0 code [0x00000000039da200, 0x00000000039da278]
Event: 180.311 Thread 0x0000000017d82000 nmethod 2777 0x0000000003874d10 code [0x0000000003874ec0, 0x0000000003875548]
Event: 180.311 Thread 0x0000000017d82000 2779  s    3       java.util.Vector::indexOf (67 bytes)
Event: 180.312 Thread 0x0000000017d82000 nmethod 2779 0x0000000003881910 code [0x0000000003881ac0, 0x0000000003882168]

GC Heap History (10 events):
Event: 171.577 GC heap before
{Heap before GC invocations=76 (full 7):
 PSYoungGen      total 424960K, used 331260K [0x00000000d5d00000, 0x00000000fc100000, 0x0000000100000000)
  eden space 239616K, 100% used [0x00000000d5d00000,0x00000000e4700000,0x00000000e4700000)
  from space 185344K, 49% used [0x00000000f0c00000,0x00000000f657f268,0x00000000fc100000)
  to   space 193536K, 0% used [0x00000000e4700000,0x00000000e4700000,0x00000000f0400000)
 ParOldGen       total 490496K, used 288949K [0x0000000081600000, 0x000000009f500000, 0x00000000d5d00000)
  object space 490496K, 58% used [0x0000000081600000,0x000000009302d4a0,0x000000009f500000)
 Metaspace       used 18913K, capacity 19144K, committed 19456K, reserved 1067008K
  class space    used 1683K, capacity 1763K, committed 1792K, reserved 1048576K
Event: 171.642 GC heap after
Heap after GC invocations=76 (full 7):
 PSYoungGen      total 433152K, used 89788K [0x00000000d5d00000, 0x00000000fc500000, 0x0000000100000000)
  eden space 239616K, 0% used [0x00000000d5d00000,0x00000000d5d00000,0x00000000e4700000)
  from space 193536K, 46% used [0x00000000e4700000,0x00000000e9eaf268,0x00000000f0400000)
  to   space 184832K, 0% used [0x00000000f1080000,0x00000000f1080000,0x00000000fc500000)
 ParOldGen       total 490496K, used 288949K [0x0000000081600000, 0x000000009f500000, 0x00000000d5d00000)
  object space 490496K, 58% used [0x0000000081600000,0x000000009302d4a0,0x000000009f500000)
 Metaspace       used 18913K, capacity 19144K, committed 19456K, reserved 1067008K
  class space    used 1683K, capacity 1763K, committed 1792K, reserved 1048576K
}
Event: 171.940 GC heap before
{Heap before GC invocations=77 (full 7):
 PSYoungGen      total 433152K, used 329404K [0x00000000d5d00000, 0x00000000fc500000, 0x0000000100000000)
  eden space 239616K, 100% used [0x00000000d5d00000,0x00000000e4700000,0x00000000e4700000)
  from space 193536K, 46% used [0x00000000e4700000,0x00000000e9eaf268,0x00000000f0400000)
  to   space 184832K, 0% used [0x00000000f1080000,0x00000000f1080000,0x00000000fc500000)
 ParOldGen       total 490496K, used 288949K [0x0000000081600000, 0x000000009f500000, 0x00000000d5d00000)
  object space 490496K, 58% used [0x0000000081600000,0x000000009302d4a0,0x000000009f500000)
 Metaspace       used 18913K, capacity 19144K, committed 19456K, reserved 1067008K
  class space    used 1683K, capacity 1763K, committed 1792K, reserved 1048576K
Event: 172.004 GC heap after
Heap after GC invocations=77 (full 7):
 PSYoungGen      total 429568K, used 88636K [0x00000000d5d00000, 0x00000000fb500000, 0x0000000100000000)
  eden space 261120K, 0% used [0x00000000d5d00000,0x00000000d5d00000,0x00000000e5c00000)
  from space 168448K, 52% used [0x00000000f1080000,0x00000000f670f268,0x00000000fb500000)
  to   space 176640K, 0% used [0x00000000e5c00000,0x00000000e5c00000,0x00000000f0880000)
 ParOldGen       total 490496K, used 288949K [0x0000000081600000, 0x000000009f500000, 0x00000000d5d00000)
  object space 490496K, 58% used [0x0000000081600000,0x000000009302d4a0,0x000000009f500000)
 Metaspace       used 18913K, capacity 19144K, committed 19456K, reserved 1067008K
  class space    used 1683K, capacity 1763K, committed 1792K, reserved 1048576K
}
Event: 174.824 GC heap before
{Heap before GC invocations=78 (full 7):
 PSYoungGen      total 429568K, used 349756K [0x00000000d5d00000, 0x00000000fb500000, 0x0000000100000000)
  eden space 261120K, 100% used [0x00000000d5d00000,0x00000000e5c00000,0x00000000e5c00000)
  from space 168448K, 52% used [0x00000000f1080000,0x00000000f670f268,0x00000000fb500000)
  to   space 176640K, 0% used [0x00000000e5c00000,0x00000000e5c00000,0x00000000f0880000)
 ParOldGen       total 490496K, used 288949K [0x0000000081600000, 0x000000009f500000, 0x00000000d5d00000)
  object space 490496K, 58% used [0x0000000081600000,0x000000009302d4a0,0x000000009f500000)
 Metaspace       used 18913K, capacity 19144K, committed 19456K, reserved 1067008K
  class space    used 1683K, capacity 1763K, committed 1792K, reserved 1048576K
Event: 174.919 GC heap after
Heap after GC invocations=78 (full 7):
 PSYoungGen      total 437760K, used 128593K [0x00000000d5d00000, 0x00000000fd700000, 0x0000000100000000)
  eden space 261120K, 0% used [0x00000000d5d00000,0x00000000d5d00000,0x00000000e5c00000)
  from space 176640K, 72% used [0x00000000e5c00000,0x00000000ed994620,0x00000000f0880000)
  to   space 183808K, 0% used [0x00000000f2380000,0x00000000f2380000,0x00000000fd700000)
 ParOldGen       total 490496K, used 288949K [0x0000000081600000, 0x000000009f500000, 0x00000000d5d00000)
  object space 490496K, 58% used [0x0000000081600000,0x000000009302d4a0,0x000000009f500000)
 Metaspace       used 18913K, capacity 19144K, committed 19456K, reserved 1067008K
  class space    used 1683K, capacity 1763K, committed 1792K, reserved 1048576K
}
Event: 176.655 GC heap before
{Heap before GC invocations=79 (full 7):
 PSYoungGen      total 437760K, used 389482K [0x00000000d5d00000, 0x00000000fd700000, 0x0000000100000000)
  eden space 261120K, 99% used [0x00000000d5d00000,0x00000000e5bc6270,0x00000000e5c00000)
  from space 176640K, 72% used [0x00000000e5c00000,0x00000000ed994620,0x00000000f0880000)
  to   space 183808K, 0% used [0x00000000f2380000,0x00000000f2380000,0x00000000fd700000)
 ParOldGen       total 490496K, used 288949K [0x0000000081600000, 0x000000009f500000, 0x00000000d5d00000)
  object space 490496K, 58% used [0x0000000081600000,0x000000009302d4a0,0x000000009f500000)
 Metaspace       used 18914K, capacity 19144K, committed 19456K, reserved 1067008K
  class space    used 1683K, capacity 1763K, committed 1792K, reserved 1048576K
Event: 176.757 GC heap after
Heap after GC invocations=79 (full 7):
 PSYoungGen      total 460288K, used 129066K [0x00000000d5d00000, 0x00000000fdf00000, 0x0000000100000000)
  eden space 276480K, 0% used [0x00000000d5d00000,0x00000000d5d00000,0x00000000e6b00000)
  from space 183808K, 70% used [0x00000000f2380000,0x00000000fa18aa88,0x00000000fd700000)
  to   space 188928K, 0% used [0x00000000e6b00000,0x00000000e6b00000,0x00000000f2380000)
 ParOldGen       total 490496K, used 288949K [0x0000000081600000, 0x000000009f500000, 0x00000000d5d00000)
  object space 490496K, 58% used [0x0000000081600000,0x000000009302d4a0,0x000000009f500000)
 Metaspace       used 18914K, capacity 19144K, committed 19456K, reserved 1067008K
  class space    used 1683K, capacity 1763K, committed 1792K, reserved 1048576K
}
Event: 178.564 GC heap before
{Heap before GC invocations=80 (full 7):
 PSYoungGen      total 460288K, used 405048K [0x00000000d5d00000, 0x00000000fdf00000, 0x0000000100000000)
  eden space 276480K, 99% used [0x00000000d5d00000,0x00000000e6a83628,0x00000000e6b00000)
  from space 183808K, 70% used [0x00000000f2380000,0x00000000fa18aa88,0x00000000fd700000)
  to   space 188928K, 0% used [0x00000000e6b00000,0x00000000e6b00000,0x00000000f2380000)
 ParOldGen       total 490496K, used 288949K [0x0000000081600000, 0x000000009f500000, 0x00000000d5d00000)
  object space 490496K, 58% used [0x0000000081600000,0x000000009302d4a0,0x000000009f500000)
 Metaspace       used 18914K, capacity 19144K, committed 19456K, reserved 1067008K
  class space    used 1683K, capacity 1763K, committed 1792K, reserved 1048576K
Event: 178.656 GC heap after
Heap after GC invocations=80 (full 7):
 PSYoungGen      total 465408K, used 128186K [0x00000000d5d00000, 0x00000000ff400000, 0x0000000100000000)
  eden space 276480K, 0% used [0x00000000d5d00000,0x00000000d5d00000,0x00000000e6b00000)
  from space 188928K, 67% used [0x00000000e6b00000,0x00000000ee82ea78,0x00000000f2380000)
  to   space 192512K, 0% used [0x00000000f3800000,0x00000000f3800000,0x00000000ff400000)
 ParOldGen       total 490496K, used 288949K [0x0000000081600000, 0x000000009f500000, 0x00000000d5d00000)
  object space 490496K, 58% used [0x0000000081600000,0x000000009302d4a0,0x000000009f500000)
 Metaspace       used 18914K, capacity 19144K, committed 19456K, reserved 1067008K
  class space    used 1683K, capacity 1763K, committed 1792K, reserved 1048576K
}

Deoptimization events (10 events):
Event: 165.320 Thread 0x000000001a0c1800 Uncommon trap: reason=unstable_if action=reinterpret pc=0x000000000372a824 method=processing.opengl.PShapeOpenGL.untexChild(ZLprocessing/opengl/PShapeOpenGL;)V @ 5
Event: 165.482 Thread 0x000000001a0c1800 Uncommon trap: reason=unstable_if action=reinterpret pc=0x000000000350fff0 method=processing.opengl.PShapeOpenGL.collectPolyAttribs()V @ 23
Event: 166.168 Thread 0x000000001a0c1800 Uncommon trap: reason=unstable_if action=reinterpret pc=0x000000000369936c method=processing.opengl.PShapeOpenGL.updatePolyIndexCache()V @ 230
Event: 166.168 Thread 0x000000001a0c1800 Uncommon trap: reason=unstable_if action=reinterpret pc=0x000000000391a108 method=processing.opengl.PShapeOpenGL.updateLineIndexCache()V @ 12
Event: 166.502 Thread 0x000000001a0c1800 Uncommon trap: reason=unstable_if action=reinterpret pc=0x0000000003691cac method=processing.opengl.PShapeOpenGL.collectPolyAttribs()V @ 53
Event: 166.585 Thread 0x000000001a0c1800 Uncommon trap: reason=unstable_if action=reinterpret pc=0x00000000035f15b4 method=processing.opengl.PShapeOpenGL.tessellateImpl()V @ 93
Event: 166.604 Thread 0x000000001a0c1800 Uncommon trap: reason=unstable_if action=reinterpret pc=0x00000000039349c4 method=processing.opengl.PShapeOpenGL.aggregateImpl()V @ 4
Event: 166.608 Thread 0x000000001a0c1800 Uncommon trap: reason=unreached action=reinterpret pc=0x000000000354b0e0 method=processing.opengl.PShapeOpenGL.aggregateImpl()V @ 88
Event: 180.309 Thread 0x000000001a0c1800 Uncommon trap: reason=class_check action=maybe_recompile pc=0x0000000003859c24 method=processing.core.PApplet.dequeueEvents()V @ 19
Event: 180.310 Thread 0x000000001a0c1800 Uncommon trap: reason=unstable_if action=reinterpret pc=0x0000000003a5c9bc method=java.util.TreeMap.getEntry(Ljava/lang/Object;)Ljava/util/TreeMap$Entry; @ 36

Classes redefined (0 events):
No events

Internal exceptions (10 events):
Event: 9.773 Thread 0x000000001a0c1800 Exception <a 'java/io/IOException'> (0x00000000d63f2ea8) thrown at [C:\re\workspace\8-2-build-windows-amd64-cygwin\jdk8u202\12323\hotspot\src\share\vm\prims\jni.cpp, line 710]
Event: 9.903 Thread 0x000000001a0c1800 Exception <a 'java/io/IOException'> (0x00000000d63f4ea0) thrown at [C:\re\workspace\8-2-build-windows-amd64-cygwin\jdk8u202\12323\hotspot\src\share\vm\prims\jni.cpp, line 710]
Event: 9.903 Thread 0x000000001a0c1800 Exception <a 'java/io/IOException'> (0x00000000d63f5158) thrown at [C:\re\workspace\8-2-build-windows-amd64-cygwin\jdk8u202\12323\hotspot\src\share\vm\prims\jni.cpp, line 710]
Event: 9.903 Thread 0x000000001a0c1800 Exception <a 'java/io/IOException'> (0x00000000d63f53e0) thrown at [C:\re\workspace\8-2-build-windows-amd64-cygwin\jdk8u202\12323\hotspot\src\share\vm\prims\jni.cpp, line 710]
Event: 10.079 Thread 0x000000001a0c1800 Exception <a 'java/io/IOException'> (0x00000000d6830be8) thrown at [C:\re\workspace\8-2-build-windows-amd64-cygwin\jdk8u202\12323\hotspot\src\share\vm\prims\jni.cpp, line 710]
Event: 10.079 Thread 0x000000001a0c1800 Exception <a 'java/io/IOException'> (0x00000000d6830ea0) thrown at [C:\re\workspace\8-2-build-windows-amd64-cygwin\jdk8u202\12323\hotspot\src\share\vm\prims\jni.cpp, line 710]
Event: 10.079 Thread 0x000000001a0c1800 Exception <a 'java/io/IOException'> (0x00000000d6831128) thrown at [C:\re\workspace\8-2-build-windows-amd64-cygwin\jdk8u202\12323\hotspot\src\share\vm\prims\jni.cpp, line 710]
Event: 164.488 Thread 0x000000001a0c1800 Implicit null exception at 0x0000000003a484cf to 0x0000000003a487d9
Event: 165.320 Thread 0x000000001a0c1800 Implicit null exception at 0x000000000372f05c to 0x000000000372f2b9
Event: 180.310 Thread 0x000000001a3de800 Exception <a 'java/lang/InterruptedException'> (0x00000000dfa50b38) thrown at [C:\re\workspace\8-2-build-windows-amd64-cygwin\jdk8u202\12323\hotspot\src\share\vm\runtime\objectMonitor.cpp, line 1684]

Events (10 events):
Event: 180.309 Thread 0x000000001a0c1800 DEOPT UNPACKING pc=0x000000000324583b sp=0x0000000060c5eaa8 mode 2
Event: 180.310 Thread 0x000000001a0c1800 Uncommon trap: trap_request=0xffffff65 fr.pc=0x0000000003a5c9bc
Event: 180.310 Thread 0x000000001a0c1800 DEOPT PACKING pc=0x0000000003a5c9bc sp=0x0000000060c5e0b0
Event: 180.310 Executing VM operation: RevokeBias
Event: 180.310 Thread 0x000000001a0c1800 DEOPT UNPACKING pc=0x000000000324583b sp=0x0000000060c5e050 mode 2
Event: 180.310 Executing VM operation: RevokeBias done
Event: 180.310 Thread 0x000000001a3de800 Thread exited: 0x000000001a3de800
Event: 180.315 Executing VM operation: RevokeBias
Event: 180.315 Executing VM operation: RevokeBias done
Event: 180.315 Thread 0x000000006236f000 Thread exited: 0x000000006236f000


Dynamic libraries:
0x00007ff6ee880000 - 0x00007ff6ee8b7000 	C:\Users\Admin\Desktop\INZ\Praca_Inz\kinect_v1\application.windows64\java\bin\javaw.exe
0x00007ffb93f60000 - 0x00007ffb94150000 	C:\WINDOWS\SYSTEM32\ntdll.dll
0x00007ffb93e60000 - 0x00007ffb93f12000 	C:\WINDOWS\System32\KERNEL32.DLL
0x00007ffb91d30000 - 0x00007ffb91fd4000 	C:\WINDOWS\System32\KERNELBASE.dll
0x00007ffb927c0000 - 0x00007ffb92863000 	C:\WINDOWS\System32\ADVAPI32.dll
0x00007ffb93b50000 - 0x00007ffb93bee000 	C:\WINDOWS\System32\msvcrt.dll
0x00007ffb93bf0000 - 0x00007ffb93c87000 	C:\WINDOWS\System32\sechost.dll
0x00007ffb92ca0000 - 0x00007ffb92dc0000 	C:\WINDOWS\System32\RPCRT4.dll
0x00007ffb93c90000 - 0x00007ffb93e25000 	C:\WINDOWS\System32\USER32.dll
0x00007ffb91690000 - 0x00007ffb916b1000 	C:\WINDOWS\System32\win32u.dll
0x00007ffb93e30000 - 0x00007ffb93e56000 	C:\WINDOWS\System32\GDI32.dll
0x00007ffb91b90000 - 0x00007ffb91d26000 	C:\WINDOWS\System32\gdi32full.dll
0x00007ffb91920000 - 0x00007ffb919be000 	C:\WINDOWS\System32\msvcp_win.dll
0x00007ffb91a90000 - 0x00007ffb91b8a000 	C:\WINDOWS\System32\ucrtbase.dll
0x00007ffb843c0000 - 0x00007ffb84644000 	C:\WINDOWS\WinSxS\amd64_microsoft.windows.common-controls_6595b64144ccf1df_6.0.18362.1016_none_9e7a36bbe461dae4\COMCTL32.dll
0x00007ffb92430000 - 0x00007ffb92765000 	C:\WINDOWS\System32\combase.dll
0x00007ffb91a10000 - 0x00007ffb91a90000 	C:\WINDOWS\System32\bcryptPrimitives.dll
0x00007ffb92790000 - 0x00007ffb927be000 	C:\WINDOWS\System32\IMM32.DLL
0x000000006e4c0000 - 0x000000006e592000 	C:\Users\Admin\Desktop\INZ\Praca_Inz\kinect_v1\application.windows64\java\bin\msvcr100.dll
0x000000006dc10000 - 0x000000006e4b5000 	C:\Users\Admin\Desktop\INZ\Praca_Inz\kinect_v1\application.windows64\java\bin\server\jvm.dll
0x00007ffb92e30000 - 0x00007ffb92e38000 	C:\WINDOWS\System32\PSAPI.DLL
0x00007ffb8d7a0000 - 0x00007ffb8d7c4000 	C:\WINDOWS\SYSTEM32\WINMM.dll
0x00007ffb861a0000 - 0x00007ffb861aa000 	C:\WINDOWS\SYSTEM32\VERSION.dll
0x00007ffb7e2d0000 - 0x00007ffb7e2d9000 	C:\WINDOWS\SYSTEM32\WSOCK32.dll
0x00007ffb92dc0000 - 0x00007ffb92e2f000 	C:\WINDOWS\System32\WS2_32.dll
0x00007ffb8d770000 - 0x00007ffb8d79d000 	C:\WINDOWS\SYSTEM32\winmmbase.dll
0x00007ffb919c0000 - 0x00007ffb91a0a000 	C:\WINDOWS\System32\cfgmgr32.dll
0x00007ffb8a590000 - 0x00007ffb8a59f000 	C:\Users\Admin\Desktop\INZ\Praca_Inz\kinect_v1\application.windows64\java\bin\verify.dll
0x00007ffb6e130000 - 0x00007ffb6e159000 	C:\Users\Admin\Desktop\INZ\Praca_Inz\kinect_v1\application.windows64\java\bin\java.dll
0x00007ffb838e0000 - 0x00007ffb838f6000 	C:\Users\Admin\Desktop\INZ\Praca_Inz\kinect_v1\application.windows64\java\bin\zip.dll
0x00007ffb93400000 - 0x00007ffb93ae7000 	C:\WINDOWS\System32\SHELL32.dll
0x00007ffb92b10000 - 0x00007ffb92bb9000 	C:\WINDOWS\System32\shcore.dll
0x00007ffb90f00000 - 0x00007ffb91682000 	C:\WINDOWS\System32\windows.storage.dll
0x00007ffb90e70000 - 0x00007ffb90e93000 	C:\WINDOWS\System32\profapi.dll
0x00007ffb90e20000 - 0x00007ffb90e6a000 	C:\WINDOWS\System32\powrprof.dll
0x00007ffb90e10000 - 0x00007ffb90e20000 	C:\WINDOWS\System32\UMPDC.dll
0x00007ffb933a0000 - 0x00007ffb933f2000 	C:\WINDOWS\System32\shlwapi.dll
0x00007ffb90ea0000 - 0x00007ffb90eb1000 	C:\WINDOWS\System32\kernel.appcore.dll
0x00007ffb90ee0000 - 0x00007ffb90ef7000 	C:\WINDOWS\System32\cryptsp.dll
0x00007ffb66870000 - 0x00007ffb66a09000 	C:\Users\Admin\Desktop\INZ\Praca_Inz\kinect_v1\application.windows64\java\bin\awt.dll
0x00007ffb92090000 - 0x00007ffb92155000 	C:\WINDOWS\System32\OLEAUT32.dll
0x00007ffb8ec80000 - 0x00007ffb8ed0f000 	C:\WINDOWS\SYSTEM32\apphelp.dll
0x00007ffb8ee40000 - 0x00007ffb8eed9000 	C:\WINDOWS\system32\uxtheme.dll
0x00007ffb92870000 - 0x00007ffb929a5000 	C:\WINDOWS\System32\MSCTF.dll
0x00007ffb929b0000 - 0x00007ffb92b07000 	C:\WINDOWS\System32\ole32.dll
0x00007ffb8f290000 - 0x00007ffb8f2bd000 	C:\WINDOWS\system32\DWMAPI.DLL
0x00007ffb76100000 - 0x00007ffb76256000 	C:\WINDOWS\system32\opengl32.dll
0x00007ffb818b0000 - 0x00007ffb818dc000 	C:\WINDOWS\SYSTEM32\GLU32.dll
0x00007ffb8f760000 - 0x00007ffb8f780000 	C:\WINDOWS\SYSTEM32\dxcore.dll
0x00007ffb901a0000 - 0x00007ffb901d3000 	C:\WINDOWS\system32\rsaenh.dll
0x00007ffb91fe0000 - 0x00007ffb92006000 	C:\WINDOWS\System32\bcrypt.dll
0x00007ffb90d00000 - 0x00007ffb90d25000 	C:\WINDOWS\SYSTEM32\USERENV.dll
0x00007ffb907a0000 - 0x00007ffb907ac000 	C:\WINDOWS\SYSTEM32\CRYPTBASE.dll
0x00007ffb80ec0000 - 0x00007ffb80eda000 	C:\Users\Admin\Desktop\INZ\Praca_Inz\kinect_v1\application.windows64\java\bin\net.dll
0x00007ffb85150000 - 0x00007ffb85326000 	C:\WINDOWS\SYSTEM32\urlmon.dll
0x00007ffb812b0000 - 0x00007ffb81556000 	C:\WINDOWS\SYSTEM32\iertutil.dll
0x00007ffb90620000 - 0x00007ffb90687000 	C:\WINDOWS\system32\mswsock.dll
0x00007ffb90340000 - 0x00007ffb9037a000 	C:\WINDOWS\SYSTEM32\IPHLPAPI.DLL
0x00007ffb92270000 - 0x00007ffb92278000 	C:\WINDOWS\System32\NSI.dll
0x00007ffb86d40000 - 0x00007ffb86d56000 	C:\WINDOWS\SYSTEM32\dhcpcsvc6.DLL
0x00007ffb86d20000 - 0x00007ffb86d3c000 	C:\WINDOWS\SYSTEM32\dhcpcsvc.DLL
0x00007ffb90380000 - 0x00007ffb9044b000 	C:\WINDOWS\SYSTEM32\DNSAPI.dll
0x00007ffb72a10000 - 0x00007ffb72a22000 	C:\Users\Admin\Desktop\INZ\Praca_Inz\kinect_v1\application.windows64\java\bin\nio.dll
0x00000000637c0000 - 0x00000000637cd000 	C:\Users\Admin\AppData\Local\Temp\jogamp_0000\file_cache\jln1026025268722966384\jln290406613569025220\natives\windows-amd64\gluegen-rt.dll
0x00007ffb84950000 - 0x00007ffb84957000 	C:\Users\Admin\Desktop\INZ\Praca_Inz\kinect_v1\application.windows64\java\bin\jawt.dll
0x000000006a440000 - 0x000000006a44d000 	C:\Users\Admin\AppData\Local\Temp\jogamp_0000\file_cache\jln1026025268722966384\jln290406613569025220\natives\windows-amd64\nativewindow_awt.dll
0x000000006c100000 - 0x000000006c10f000 	C:\Users\Admin\AppData\Local\Temp\jogamp_0000\file_cache\jln1026025268722966384\jln290406613569025220\natives\windows-amd64\nativewindow_win32.dll
0x000000006cbc0000 - 0x000000006cbd3000 	C:\Users\Admin\AppData\Local\Temp\jogamp_0000\file_cache\jln1026025268722966384\jln290406613569025220\natives\windows-amd64\newt.dll
0x00007ffb8c450000 - 0x00007ffb8c4fe000 	C:\WINDOWS\SYSTEM32\mscms.dll
0x00007ffb8c430000 - 0x00007ffb8c447000 	C:\WINDOWS\SYSTEM32\ColorAdapterClient.dll
0x00007ffb6ac20000 - 0x00007ffb6ac63000 	C:\WINDOWS\SYSTEM32\icm32.dll
0x00007ffb92e40000 - 0x00007ffb932b0000 	C:\WINDOWS\System32\setupapi.dll
0x00007ffb90c10000 - 0x00007ffb90c3a000 	C:\WINDOWS\SYSTEM32\DEVOBJ.dll
0x00007ffb916c0000 - 0x00007ffb9171c000 	C:\WINDOWS\System32\WINTRUST.dll
0x00007ffb90ec0000 - 0x00007ffb90ed2000 	C:\WINDOWS\System32\MSASN1.dll
0x00007ffb91720000 - 0x00007ffb91869000 	C:\WINDOWS\System32\CRYPT32.dll
0x0000000064500000 - 0x00000000645b1000 	C:\Users\Admin\AppData\Local\Temp\jogamp_0000\file_cache\jln1026025268722966384\jln290406613569025220\natives\windows-amd64\jogl_desktop.dll
0x0000000064340000 - 0x00000000643a2000 	C:\Users\Admin\AppData\Local\Temp\jogamp_0000\file_cache\jln1026025268722966384\jln290406613569025220\natives\windows-amd64\jogl_mobile.dll
0x00007ffb5aeb0000 - 0x00007ffb5b9f7000 	C:\WINDOWS\SYSTEM32\ig75icd64.dll
0x00007ffb8d5c0000 - 0x00007ffb8d5d3000 	C:\WINDOWS\SYSTEM32\WTSAPI32.dll
0x00007ffb86d60000 - 0x00007ffb8779f000 	C:\WINDOWS\SYSTEM32\igdusc64.dll
0x00007ffb83dd0000 - 0x00007ffb83e6e000 	C:\WINDOWS\System32\TextInputFramework.dll
0x00007ffb8ca90000 - 0x00007ffb8cdba000 	C:\WINDOWS\System32\CoreUIComponents.dll
0x00007ffb8e700000 - 0x00007ffb8e7d4000 	C:\WINDOWS\System32\CoreMessaging.dll
0x00007ffb8fe20000 - 0x00007ffb8fe51000 	C:\WINDOWS\SYSTEM32\ntmarta.dll
0x00007ffb8c910000 - 0x00007ffb8ca63000 	C:\WINDOWS\SYSTEM32\wintypes.dll
0x00007ffb6abd0000 - 0x00007ffb6ac17000 	C:\Users\Admin\Desktop\INZ\Praca_Inz\kinect_v1\application.windows64\java\bin\fontmanager.dll
0x00007ffb6a100000 - 0x00007ffb6a142000 	C:\Users\Admin\Desktop\INZ\Praca_Inz\kinect_v1\application.windows64\java\bin\t2k.dll
0x00007ffb63630000 - 0x00007ffb637cc000 	C:\Users\Admin\Desktop\INZ\Praca_Inz\kinect_v1\application.windows64\lib\Kinect20.Face.dll
0x00007ffb7f090000 - 0x00007ffb7f164000 	C:\WINDOWS\SYSTEM32\MSVCR110.dll
0x00007ffb72650000 - 0x00007ffb726f7000 	C:\WINDOWS\SYSTEM32\MSVCP110.dll
0x00007ffb6f740000 - 0x00007ffb6f751000 	C:\Users\Admin\Desktop\INZ\Praca_Inz\kinect_v1\application.windows64\lib\KinectPV2.dll
0x00007ffb679b0000 - 0x00007ffb67a6b000 	C:\WINDOWS\SYSTEM32\Kinect20.dll
0x00007ffb8a8e0000 - 0x00007ffb8aada000 	C:\WINDOWS\SYSTEM32\MFPlat.DLL
0x00007ffb8a8b0000 - 0x00007ffb8a8df000 	C:\WINDOWS\SYSTEM32\RTWorkQ.DLL
0x00007ffb8fb10000 - 0x00007ffb8fd04000 	C:\WINDOWS\SYSTEM32\dbghelp.dll

VM Arguments:
jvm_args: -Djna.nosys=true -Djava.ext.dirs=C:\Users\Admin\Desktop\INZ\Praca_Inz\kinect_v1\application.windows64\java\lib\ext -Djava.library.path=C:\Users\Admin\Desktop\INZ\Praca_Inz\kinect_v1\application.windows64\lib 
java_command: kinect_v1
java_class_path (initial): lib\kinect_v1.jar;lib\core.jar;lib\jogl-all.jar;lib\gluegen-rt.jar;lib\jogl-all-natives-windows-amd64.jar;lib\gluegen-rt-natives-windows-amd64.jar;lib\controlP5.jar;lib\peasy-math.jar;lib\peasycam.jar;lib\KinectPV2.jar
Launcher Type: SUN_STANDARD

Environment Variables:
JAVA_HOME=C:\Users\Admin\Desktop\jdk-13.0.2
PATH=C:\Program Files (x86)\Common Files\Oracle\Java\javapath;C:\ProgramData\Oracle\Java\javapath;C:\WINDOWS\system32;C:\WINDOWS;C:\WINDOWS\System32\Wbem;C:\WINDOWS\System32\WindowsPowerShell\v1.0\;C:\Program Files\dotnet\;C:\Program Files\Microsoft SQL Server\130\Tools\Binn\;C:\Program Files\Microsoft SQL Server\Client SDK\ODBC\170\Tools\Binn\;C:\WINDOWS\System32\OpenSSH\;C:\Program Files (x86)\ZeroTier\One\;C:\Program Files\Git\cmd;C:\Program Files\nodejs\;C:\Program Files\swipl\bin;C:\Users\Admin\AppData\Local\Programs\Python\Python38-32\Scripts\;C:\Users\Admin\AppData\Local\Programs\Python\Python38-32\;C:\Users\Admin\AppData\Local\Microsoft\WindowsApps;C:\Users\Admin\AppData\Local\Programs\Microsoft VS Code\bin;C:\Users\Admin\AppData\Roaming\npm;C:\Users\Admin\Desktop\INZ\Praca_Inz\kinect_v1\application.windows64\java\bin
USERNAME=Admin
OS=Windows_NT
PROCESSOR_IDENTIFIER=Intel64 Family 6 Model 60 Stepping 3, GenuineIntel



---------------  S Y S T E M  ---------------

OS: Windows 10.0 , 64 bit Build 18362 (10.0.18362.959)

CPU:total 4 (initial active 4) (2 cores per cpu, 2 threads per core) family 6 model 60 stepping 3, cmov, cx8, fxsr, mmx, sse, sse2, sse3, ssse3, sse4.1, sse4.2, popcnt, avx, avx2, aes, clmul, erms, lzcnt, ht, tsc, tscinvbit, bmi1, bmi2

Memory: 4k page, physical 8291924k(3520968k free), swap 9602644k(4186480k free)

vm_info: Java HotSpot(TM) 64-Bit Server VM (25.202-b08) for windows-amd64 JRE (1.8.0_202-b08), built on Dec 15 2018 19:54:30 by "java_re" with MS VC++ 10.0 (VS2010)

time: Sun Sep 06 20:21:39 2020
timezone: Œrodkowoeuropejski czas letni
elapsed time: 180 seconds (0d 0h 3m 0s)

